<?xml version="1.0" encoding="UTF-8"?>
<!-- Generated by org.testng.reporters.JUnitXMLReporter -->
<testsuite ignored="0" hostname="DESKTOP-OBCUB7G" failures="0" tests="5" name="Default test" time="13.747" errors="0" timestamp="2023-11-28T05:38:11 EET">
  <testcase classname="tests.AutomationTaskTest" name="UserCanRegisterToTheApplication" time="2.688"/>
  <testcase classname="tests.AutomationTaskTest" name="UserCanLoginInWithThisEmail" time="1.512"/>
  <testcase classname="tests.AutomationTaskTest" name="UserCanOpenBooksLinkAndChooseHisBook" time="3.778"/>
  <testcase classname="tests.AutomationTaskTest" name="UserCanCheckHisProudctAtHisCart" time="1.81"/>
  <testcase classname="tests.AutomationTaskTest" name="UserCheckOutForHisProductInCart" time="3.893"/>
</testsuite> <!-- Default test -->
