<?xml version="1.0" encoding="UTF-8"?>
<testng-results ignored="0" total="5" passed="5" failed="0" skipped="0">
  <reporter-output>
  </reporter-output>
  <suite started-at="2023-11-28T05:37:57 EET" name="Default suite" finished-at="2023-11-28T05:38:11 EET" duration-ms="13747">
    <groups>
    </groups>
    <test started-at="2023-11-28T05:37:57 EET" name="Default test" finished-at="2023-11-28T05:38:11 EET" duration-ms="13747">
      <class name="tests.AutomationTaskTest">
        <test-method is-config="true" signature="startDriver()[pri:0, instance:tests.AutomationTaskTest@351d00c0]" started-at="2023-11-28T05:37:50 EET" name="startDriver" finished-at="2023-11-28T05:37:57 EET" duration-ms="7641" status="PASS">
          <reporter-output>
          </reporter-output>
        </test-method> <!-- startDriver -->
        <test-method signature="UserCanRegisterToTheApplication()[pri:1, instance:tests.AutomationTaskTest@351d00c0]" started-at="2023-11-28T05:37:57 EET" name="UserCanRegisterToTheApplication" finished-at="2023-11-28T05:38:00 EET" duration-ms="2688" status="PASS">
          <reporter-output>
          </reporter-output>
        </test-method> <!-- UserCanRegisterToTheApplication -->
        <test-method signature="UserCanLoginInWithThisEmail()[pri:2, instance:tests.AutomationTaskTest@351d00c0]" started-at="2023-11-28T05:38:00 EET" name="UserCanLoginInWithThisEmail" finished-at="2023-11-28T05:38:02 EET" duration-ms="1512" status="PASS">
          <reporter-output>
          </reporter-output>
        </test-method> <!-- UserCanLoginInWithThisEmail -->
        <test-method signature="UserCanOpenBooksLinkAndChooseHisBook()[pri:3, instance:tests.AutomationTaskTest@351d00c0]" started-at="2023-11-28T05:38:02 EET" name="UserCanOpenBooksLinkAndChooseHisBook" finished-at="2023-11-28T05:38:05 EET" duration-ms="3778" status="PASS">
          <reporter-output>
          </reporter-output>
        </test-method> <!-- UserCanOpenBooksLinkAndChooseHisBook -->
        <test-method signature="UserCanCheckHisProudctAtHisCart()[pri:4, instance:tests.AutomationTaskTest@351d00c0]" started-at="2023-11-28T05:38:05 EET" name="UserCanCheckHisProudctAtHisCart" finished-at="2023-11-28T05:38:07 EET" duration-ms="1810" status="PASS">
          <reporter-output>
          </reporter-output>
        </test-method> <!-- UserCanCheckHisProudctAtHisCart -->
        <test-method signature="UserCheckOutForHisProductInCart()[pri:5, instance:tests.AutomationTaskTest@351d00c0]" started-at="2023-11-28T05:38:07 EET" name="UserCheckOutForHisProductInCart" finished-at="2023-11-28T05:38:11 EET" duration-ms="3893" status="PASS">
          <reporter-output>
          </reporter-output>
        </test-method> <!-- UserCheckOutForHisProductInCart -->
        <test-method is-config="true" signature="stopDriver()[pri:0, instance:tests.AutomationTaskTest@351d00c0]" started-at="2023-11-28T05:38:11 EET" name="stopDriver" finished-at="2023-11-28T05:38:11 EET" duration-ms="300" status="PASS">
          <reporter-output>
          </reporter-output>
        </test-method> <!-- stopDriver -->
      </class> <!-- tests.AutomationTaskTest -->
    </test> <!-- Default test -->
  </suite> <!-- Default suite -->
</testng-results>
